<?xml version="1.0" encoding="UTF-8"?>
<coverage generated="1688362896751" clover="3.2.0">
  <project timestamp="1688362896751" name="All files">
    <metrics statements="5" coveredstatements="1" conditionals="0" coveredconditionals="0" methods="1" coveredmethods="1" elements="6" coveredelements="2" complexity="0" loc="5" ncloc="5" packages="1" files="2" classes="2"/>
    <file name="App.jsx" path="/Users/navsingh31/Projects/express-react-app/frontend/App.jsx">
      <metrics statements="1" coveredstatements="1" conditionals="0" coveredconditionals="0" methods="1" coveredmethods="1"/>
      <line num="4" count="1" type="stmt"/>
    </file>
    <file name="index.js" path="/Users/navsingh31/Projects/express-react-app/frontend/index.js">
      <metrics statements="4" coveredstatements="0" conditionals="0" coveredconditionals="0" methods="0" coveredmethods="0"/>
      <line num="5" count="0" type="stmt"/>
      <line num="6" count="0" type="stmt"/>
      <line num="7" count="0" type="stmt"/>
      <line num="8" count="0" type="stmt"/>
    </file>
  </project>
</coverage>
