{"/Users/navsingh31/Projects/express-react-app/frontend/src/App.jsx": {"path":"/Users/navsingh31/Projects/express-react-app/frontend/src/App.jsx","statementMap":{"0":{"start":{"line":4,"column":2},"end":{"line":4,"column":38}}},"fnMap":{"0":{"name":"App","decl":{"start":{"line":3,"column":9},"end":{"line":3,"column":12}},"loc":{"start":{"line":3,"column":15},"end":{"line":5,"column":1}},"line":3}},"branchMap":{},"s":{"0":1},"f":{"0":1},"b":{},"_coverageSchema":"1a1c01bbd47fc00a2c39e90264f33305004495a9","hash":"d6118a84da0e9eb65eb9313a37ccfb5393ee7255"}
}
